{
  "RSpec": {
    "coverage": {
      "/Users/andela/Desktop/mic/checkpoints/bucketlist/epiphany/config/environment.rb": [
        null,
        1,
        null,
        null,
        1
      ],
      "/Users/andela/Desktop/mic/checkpoints/bucketlist/epiphany/config/application.rb": [
        1,
        null,
        1,
        null,
        null,
        null,
        1,
        null,
        1,
        1,
        null,
        null,
        null,
        null,
        null,
        null,
        null,
        null,
        null,
        null,
        null,
        null,
        null,
        1,
        null,
        null
      ],
      "/Users/andela/Desktop/mic/checkpoints/bucketlist/epiphany/config/boot.rb": [
        1,
        null,
        1
      ],
      "/Users/andela/Desktop/mic/checkpoints/bucketlist/epiphany/config/environments/test.rb": [
        1,
        null,
        null,
        null,
        null,
        null,
        null,
        1,
        null,
        null,
        null,
        null,
        1,
        null,
        null,
        1,
        1,
        null,
        null,
        1,
        1,
        null,
        null,
        1,
        null,
        null,
        1,
        null,
        null,
        null,
        null,
        1,
        null,
        null,
        1,
        null,
        null,
        1,
        null,
        null,
        null,
        null
      ],
      "/Users/andela/Desktop/mic/checkpoints/bucketlist/epiphany/config/initializers/assets.rb": [
        null,
        null,
        null,
        1,
        null,
        null,
        null,
        null,
        null,
        null,
        null
      ],
      "/Users/andela/Desktop/mic/checkpoints/bucketlist/epiphany/config/initializers/backtrace_silencers.rb": [
        null,
        null,
        null,
        null,
        null,
        null,
        null
      ],
      "/Users/andela/Desktop/mic/checkpoints/bucketlist/epiphany/config/initializers/cookies_serializer.rb": [
        null,
        null,
        1
      ],
      "/Users/andela/Desktop/mic/checkpoints/bucketlist/epiphany/config/initializers/doorkeeper.rb": [
        1,
        null,
        1,
        null,
        null,
        1,
        null,
        null,
        0,
        0,
        null,
        1,
        null,
        null,
        null,
        null,
        null,
        null,
        null,
        null,
        null,
        null,
        null,
        null,
        null,
        null,
        null,
        null,
        null,
        null,
        null,
        null,
        null,
        null,
        null,
        null,
        null,
        null,
        null,
        null,
        null,
        null,
        null,
        null,
        null,
        null,
        null,
        null,
        null,
        null,
        null,
        null,
        null,
        null,
        null,
        null,
        null,
        null,
        null,
        null,
        null,
        null,
        null,
        null,
        null,
        null,
        null,
        null,
        null,
        null,
        null,
        null,
        null,
        null,
        null,
        null,
        null,
        null,
        null,
        null,
        null,
        null,
        null,
        null,
        null,
        null,
        null,
        null,
        null,
        null,
        null,
        null,
        null,
        null,
        null,
        null,
        null,
        null,
        null,
        null,
        null,
        null,
        null,
        null,
        null,
        null,
        null,
        null,
        null,
        null,
        null,
        null,
        null,
        1,
        null,
        null,
        null,
        null,
        1,
        0,
        null,
        null,
        null,
        null,
        null,
        null,
        null,
        0,
        null,
        null,
        null,
        null,
        null,
        null,
        null,
        null,
        null,
        null,
        1,
        null,
        null,
        null,
        null,
        null,
        null,
        null,
        null,
        null,
        1,
        null
      ],
      "/Users/andela/Desktop/mic/checkpoints/bucketlist/epiphany/config/initializers/filter_parameter_logging.rb": [
        null,
        null,
        null,
        1
      ],
      "/Users/andela/Desktop/mic/checkpoints/bucketlist/epiphany/config/initializers/inflections.rb": [
        null,
        null,
        null,
        null,
        null,
        null,
        null,
        null,
        null,
        null,
        null,
        null,
        null,
        null,
        null,
        null
      ],
      "/Users/andela/Desktop/mic/checkpoints/bucketlist/epiphany/config/initializers/mime_types.rb": [
        null,
        null,
        null,
        null
      ],
      "/Users/andela/Desktop/mic/checkpoints/bucketlist/epiphany/config/initializers/session_store.rb": [
        null,
        null,
        1
      ],
      "/Users/andela/Desktop/mic/checkpoints/bucketlist/epiphany/config/initializers/wrap_parameters.rb": [
        null,
        null,
        null,
        null,
        null,
        null,
        1,
        1,
        null,
        null,
        null,
        null,
        null,
        null
      ],
      "/Users/andela/Desktop/mic/checkpoints/bucketlist/epiphany/config/routes.rb": [
        1,
        1,
        1,
        null,
        1,
        1,
        1,
        1,
        null,
        1,
        1,
        1,
        null,
        null,
        null,
        null,
        null,
        null,
        null,
        null,
        null,
        null,
        null,
        null,
        null,
        null,
        null,
        null,
        null,
        null,
        null,
        null,
        null,
        null,
        null,
        null,
        null,
        null,
        null,
        null,
        null,
        null,
        null,
        null,
        null,
        null,
        null,
        null,
        null,
        null,
        null,
        null,
        null,
        null,
        null,
        null,
        null,
        null,
        null,
        null,
        null,
        null,
        null,
        null,
        null,
        null,
        null
      ],
      "/Users/andela/Desktop/mic/checkpoints/bucketlist/epiphany/app/helpers/application_helper.rb": [
        1,
        null
      ],
      "/Users/andela/Desktop/mic/checkpoints/bucketlist/epiphany/app/helpers/bucketlists_helper.rb": [
        1,
        null
      ],
      "/Users/andela/Desktop/mic/checkpoints/bucketlist/epiphany/app/helpers/items_helper.rb": [
        1,
        null
      ],
      "/Users/andela/Desktop/mic/checkpoints/bucketlist/epiphany/app/helpers/sessions_helper.rb": [
        1,
        null
      ],
      "/Users/andela/Desktop/mic/checkpoints/bucketlist/epiphany/app/helpers/user_helper.rb": [
        1,
        null
      ],
      "/Users/andela/Desktop/mic/checkpoints/bucketlist/epiphany/app/helpers/welcome_helper.rb": [
        1,
        null
      ],
      "/Users/andela/Desktop/mic/checkpoints/bucketlist/epiphany/app/controllers/bucketlists_controller.rb": [
        1,
        1,
        1,
        null,
        1,
        2,
        2,
        2,
        1,
        null,
        1,
        null,
        null,
        null,
        1,
        1,
        1,
        null,
        null,
        1,
        1,
        null,
        null,
        1,
        2,
        1,
        null,
        1,
        null,
        null,
        null,
        1,
        1,
        1,
        null,
        null,
        1,
        null,
        1,
        4,
        null,
        null,
        1,
        4,
        null,
        null,
        1,
        2,
        null,
        null
      ],
      "/Users/andela/Desktop/mic/checkpoints/bucketlist/epiphany/app/controllers/application_controller.rb": [
        1,
        null,
        null,
        1,
        null
      ],
      "/Users/andela/Desktop/mic/checkpoints/bucketlist/epiphany/app/controllers/items_controller.rb": [
        1,
        1,
        1,
        1,
        null,
        1,
        2,
        2,
        1,
        null,
        1,
        null,
        null,
        null,
        1,
        1,
        1,
        null,
        null,
        1,
        1,
        null,
        null,
        1,
        2,
        1,
        null,
        1,
        null,
        null,
        null,
        1,
        1,
        1,
        null,
        null,
        1,
        null,
        1,
        4,
        null,
        null,
        1,
        4,
        null,
        null,
        1,
        4,
        null,
        null
      ],
      "/Users/andela/Desktop/mic/checkpoints/bucketlist/epiphany/app/controllers/sessions_controller.rb": [
        1,
        null,
        null,
        1,
        null,
        null,
        1,
        6,
        0,
        null,
        6,
        3,
        3,
        null,
        null,
        1,
        2,
        2,
        null,
        null,
        1,
        null,
        1,
        3,
        0,
        null,
        3,
        null,
        null,
        null,
        1,
        9,
        9,
        null,
        null,
        1,
        3,
        null,
        null
      ],
      "/Users/andela/Desktop/mic/checkpoints/bucketlist/epiphany/app/controllers/users_controller.rb": [
        1,
        1,
        null,
        1,
        1,
        null,
        null,
        1,
        1,
        1,
        1,
        null,
        0,
        null,
        null,
        null,
        1,
        null,
        null,
        1,
        null,
        null,
        1,
        null,
        null,
        1,
        null,
        null,
        1,
        null,
        1,
        1,
        null,
        null,
        1,
        1,
        null,
        null,
        null,
        null,
        null,
        null,
        null,
        null
      ],
      "/Users/andela/Desktop/mic/checkpoints/bucketlist/epiphany/app/controllers/welcome_controller.rb": [
        1,
        1,
        null,
        null
      ],
      "/Users/andela/Desktop/mic/checkpoints/bucketlist/epiphany/app/models/bucketlist.rb": [
        1,
        1,
        1,
        null,
        1,
        null
      ],
      "/Users/andela/Desktop/mic/checkpoints/bucketlist/epiphany/app/models/item.rb": [
        1,
        1,
        null,
        1,
        null
      ],
      "/Users/andela/Desktop/mic/checkpoints/bucketlist/epiphany/app/models/user.rb": [
        1,
        1,
        1,
        1,
        null
      ],
      "/Users/andela/Desktop/mic/checkpoints/bucketlist/epiphany/app/serializers/bucketlist_serializer.rb": [
        1,
        1,
        null,
        1,
        1,
        null
      ],
      "/Users/andela/Desktop/mic/checkpoints/bucketlist/epiphany/app/controllers/concerns/serializer_helper.rb": [
        1,
        1,
        11,
        null,
        null,
        1,
        11,
        null,
        null,
        1,
        4,
        null,
        null,
        1,
        7,
        null,
        null
      ],
      "/Users/andela/Desktop/mic/checkpoints/bucketlist/epiphany/app/serializers/item_serializer.rb": [
        1,
        1,
        null,
        1,
        null
      ]
    },
    "timestamp": 1477495349
  }
}
