{
  "RSpec": {
    "coverage": {
      "/Users/andela/Desktop/mic/checkpoints/bucketlist/epiphany/config/environment.rb": [
        null,
        1,
        null,
        null,
        1
      ],
      "/Users/andela/Desktop/mic/checkpoints/bucketlist/epiphany/config/application.rb": [
        1,
        null,
        1,
        null,
        null,
        null,
        1,
        null,
        1,
        1,
        null,
        null,
        null,
        null,
        null,
        null,
        null,
        null,
        null,
        null,
        null,
        null,
        null,
        1,
        null,
        null
      ],
      "/Users/andela/Desktop/mic/checkpoints/bucketlist/epiphany/config/boot.rb": [
        1,
        null,
        1
      ],
      "/Users/andela/Desktop/mic/checkpoints/bucketlist/epiphany/config/environments/test.rb": [
        1,
        null,
        null,
        null,
        null,
        null,
        null,
        1,
        null,
        null,
        null,
        null,
        1,
        null,
        null,
        1,
        1,
        null,
        null,
        1,
        1,
        null,
        null,
        1,
        null,
        null,
        1,
        null,
        null,
        null,
        null,
        1,
        null,
        null,
        1,
        null,
        null,
        1,
        null,
        null,
        null,
        null
      ],
      "/Users/andela/Desktop/mic/checkpoints/bucketlist/epiphany/config/initializers/assets.rb": [
        null,
        null,
        null,
        1,
        null,
        null,
        null,
        null,
        null,
        null,
        null
      ],
      "/Users/andela/Desktop/mic/checkpoints/bucketlist/epiphany/config/initializers/backtrace_silencers.rb": [
        null,
        null,
        null,
        null,
        null,
        null,
        null
      ],
      "/Users/andela/Desktop/mic/checkpoints/bucketlist/epiphany/config/initializers/cookies_serializer.rb": [
        null,
        null,
        1
      ],
      "/Users/andela/Desktop/mic/checkpoints/bucketlist/epiphany/config/initializers/doorkeeper.rb": [
        1,
        null,
        1,
        null,
        null,
        1,
        null,
        null,
        0,
        null,
        null,
        null,
        null,
        null,
        null,
        null,
        null,
        null,
        null,
        null,
        null,
        null,
        null,
        null,
        null,
        null,
        null,
        null,
        null,
        null,
        null,
        null,
        null,
        null,
        null,
        null,
        null,
        null,
        null,
        null,
        null,
        null,
        null,
        null,
        null,
        null,
        null,
        null,
        null,
        null,
        null,
        null,
        null,
        null,
        null,
        null,
        null,
        null,
        null,
        null,
        null,
        null,
        null,
        null,
        null,
        null,
        null,
        null,
        null,
        null,
        null,
        null,
        null,
        null,
        null,
        null,
        null,
        null,
        null,
        null,
        null,
        null,
        null,
        null,
        null,
        null,
        null,
        null,
        null,
        null,
        null,
        null,
        null,
        null,
        null,
        null,
        null,
        null,
        null,
        null,
        null,
        null,
        null,
        null,
        null,
        null,
        null,
        null,
        null,
        null,
        null
      ],
      "/Users/andela/Desktop/mic/checkpoints/bucketlist/epiphany/config/initializers/filter_parameter_logging.rb": [
        null,
        null,
        null,
        1
      ],
      "/Users/andela/Desktop/mic/checkpoints/bucketlist/epiphany/config/initializers/inflections.rb": [
        null,
        null,
        null,
        null,
        null,
        null,
        null,
        null,
        null,
        null,
        null,
        null,
        null,
        null,
        null,
        null
      ],
      "/Users/andela/Desktop/mic/checkpoints/bucketlist/epiphany/config/initializers/mime_types.rb": [
        null,
        null,
        null,
        null
      ],
      "/Users/andela/Desktop/mic/checkpoints/bucketlist/epiphany/config/initializers/session_store.rb": [
        null,
        null,
        1
      ],
      "/Users/andela/Desktop/mic/checkpoints/bucketlist/epiphany/config/initializers/wrap_parameters.rb": [
        null,
        null,
        null,
        null,
        null,
        null,
        1,
        1,
        null,
        null,
        null,
        null,
        null,
        null
      ],
      "/Users/andela/Desktop/mic/checkpoints/bucketlist/epiphany/config/routes.rb": [
        1,
        1,
        null,
        1,
        null,
        1,
        1,
        1,
        1,
        null,
        1,
        null,
        null,
        null,
        null,
        1,
        null,
        null,
        null,
        null,
        null,
        null,
        null,
        null,
        null,
        null,
        null,
        null,
        null,
        null,
        null,
        null,
        null,
        null,
        null,
        null,
        null,
        null,
        null,
        null,
        null,
        null,
        null,
        null,
        null,
        null,
        null,
        null,
        null,
        null,
        null,
        null,
        null,
        null,
        null,
        null,
        null,
        null,
        null,
        null,
        null,
        null,
        null,
        null,
        null,
        null
      ],
      "/Users/andela/Desktop/mic/checkpoints/bucketlist/epiphany/app/helpers/application_helper.rb": [
        1,
        null
      ],
      "/Users/andela/Desktop/mic/checkpoints/bucketlist/epiphany/app/helpers/sessions_helper.rb": [
        1,
        null
      ],
      "/Users/andela/Desktop/mic/checkpoints/bucketlist/epiphany/app/helpers/user_helper.rb": [
        1,
        null
      ],
      "/Users/andela/Desktop/mic/checkpoints/bucketlist/epiphany/app/helpers/welcome_helper.rb": [
        1,
        null
      ],
      "/Users/andela/Desktop/mic/checkpoints/bucketlist/epiphany/app/controllers/sessions_controller.rb": [
        1,
        1,
        null,
        null,
        1,
        3,
        3,
        3,
        3,
        3,
        null,
        0,
        null,
        null,
        null,
        1,
        2,
        2,
        null,
        null
      ],
      "/Users/andela/Desktop/mic/checkpoints/bucketlist/epiphany/app/controllers/application_controller.rb": [
        1,
        null,
        null,
        1,
        null
      ],
      "/Users/andela/Desktop/mic/checkpoints/bucketlist/epiphany/app/controllers/users_controller.rb": [
        1,
        1,
        1,
        null,
        null,
        1,
        0,
        0,
        0,
        null,
        0,
        null,
        null,
        null,
        1,
        null,
        null,
        null,
        1,
        null,
        null,
        null,
        1,
        null,
        1,
        0,
        null,
        null
      ],
      "/Users/andela/Desktop/mic/checkpoints/bucketlist/epiphany/app/controllers/welcome_controller.rb": [
        1,
        1,
        null,
        null
      ],
      "/Users/andela/Desktop/mic/checkpoints/bucketlist/epiphany/app/models/user.rb": [
        1,
        1,
        1,
        null
      ]
    },
    "timestamp": 1477326697
  }
}
